<?xml version="1.0" encoding="UTF-8"?>
<!-- Generated by org.testng.reporters.JUnitReportReporter -->
<testsuite skipped="0" hostname="GovindRaj-PC" name="org.sample.Executive" tests="1" failures="0" timestamp="04 Dec 2019 11:30:04 GMT" time="113.898" errors="0">
  <testcase name="product1" time="113.898" classname="org.sample.Executive"/>
</testsuite> <!-- org.sample.Executive -->
